<?xml version="1.0" encoding="UTF-8"?>
<testsuite xmlns:xsi="http://www.w3.org/2001/XMLSchema-instance" xsi:noNamespaceSchemaLocation="https://maven.apache.org/surefire/maven-surefire-plugin/xsd/surefire-test-report-3.0.xsd" version="3.0" name="com.kingman.companion.api.config.DateTimeSerializationTest" time="0.175" tests="8" errors="0" skipped="0" failures="0">
  <properties>
[...]
</properties>
  <testcase name="localDateTime_serializes_to_space_separated_format" classname="com.kingman.companion.api.config.DateTimeSerializationTest" time="0.135"/>
  <testcase name="localDateTime_not_serialized_as_iso8601" classname="com.kingman.companion.api.config.DateTimeSerializationTest" time="0.002"/>
  <testcase name="localDateTime_deserializes_from_space_separated_format" classname="com.kingman.companion.api.config.DateTimeSerializationTest" time="0.004"/>
  <testcase name="assessmentResp_createdAt_uses_correct_format" classname="com.kingman.companion.api.config.DateTimeSerializationTest" time="0.015"/>
  <testcase name="localDateTime_not_serialized_as_timestamp_array" classname="com.kingman.companion.api.config.DateTimeSerializationTest" time="0.001"/>
  <testcase name="rewriteResp_createdAt_uses_correct_format" classname="com.kingman.companion.api.config.DateTimeSerializationTest" time="0.003"/>
  <testcase name="chatResp_createdAt_uses_correct_format" classname="com.kingman.companion.api.config.DateTimeSerializationTest" time="0.004"/>
  <testcase name="iResult_wrapper_has_correct_structure" classname="com.kingman.companion.api.config.DateTimeSerializationTest" time="0.003"/>
</testsuite>