<?xml version="1.0" encoding="UTF-8"?>
<testsuite xmlns:xsi="http://www.w3.org/2001/XMLSchema-instance" xsi:noNamespaceSchemaLocation="https://maven.apache.org/surefire/maven-surefire-plugin/xsd/surefire-test-report-3.0.xsd" version="3.0" name="com.kingman.companion.component.safety.SafetyCheckerTest" time="0.037" tests="38" errors="0" skipped="0" failures="0">
  <properties>
[...]
</properties>
  <testcase name="check_returns_safe_for_blank_content" classname="com.kingman.companion.component.safety.SafetyCheckerTest" time="0.001"/>
  <testcase name="check_detects_domestic_violence(String)[1]" classname="com.kingman.companion.component.safety.SafetyCheckerTest" time="0.007"/>
  <testcase name="check_detects_domestic_violence(String)[2]" classname="com.kingman.companion.component.safety.SafetyCheckerTest" time="0.001"/>
  <testcase name="check_detects_domestic_violence(String)[3]" classname="com.kingman.companion.component.safety.SafetyCheckerTest" time="0"/>
  <testcase name="check_detects_domestic_violence(String)[4]" classname="com.kingman.companion.component.safety.SafetyCheckerTest" time="0"/>
  <testcase name="check_prioritizes_self_harm_over_other_flags" classname="com.kingman.companion.component.safety.SafetyCheckerTest" time="0"/>
  <testcase name="check_detects_stalking_control(String)[1]" classname="com.kingman.companion.component.safety.SafetyCheckerTest" time="0"/>
  <testcase name="check_detects_stalking_control(String)[2]" classname="com.kingman.companion.component.safety.SafetyCheckerTest" time="0"/>
  <testcase name="check_detects_stalking_control(String)[3]" classname="com.kingman.companion.component.safety.SafetyCheckerTest" time="0.001"/>
  <testcase name="check_detects_stalking_control(String)[4]" classname="com.kingman.companion.component.safety.SafetyCheckerTest" time="0"/>
  <testcase name="check_detects_stalking_control(String)[5]" classname="com.kingman.companion.component.safety.SafetyCheckerTest" time="0.001"/>
  <testcase name="check_detects_violence_threat(String)[1]" classname="com.kingman.companion.component.safety.SafetyCheckerTest" time="0"/>
  <testcase name="check_detects_violence_threat(String)[2]" classname="com.kingman.companion.component.safety.SafetyCheckerTest" time="0"/>
  <testcase name="check_detects_violence_threat(String)[3]" classname="com.kingman.companion.component.safety.SafetyCheckerTest" time="0"/>
  <testcase name="check_detects_violence_threat(String)[4]" classname="com.kingman.companion.component.safety.SafetyCheckerTest" time="0"/>
  <testcase name="throwIfBlocked_does_nothing_when_concerning" classname="com.kingman.companion.component.safety.SafetyCheckerTest" time="0"/>
  <testcase name="check_detects_self_harm(String)[1]" classname="com.kingman.companion.component.safety.SafetyCheckerTest" time="0"/>
  <testcase name="check_detects_self_harm(String)[2]" classname="com.kingman.companion.component.safety.SafetyCheckerTest" time="0.001"/>
  <testcase name="check_detects_self_harm(String)[3]" classname="com.kingman.companion.component.safety.SafetyCheckerTest" time="0"/>
  <testcase name="check_detects_self_harm(String)[4]" classname="com.kingman.companion.component.safety.SafetyCheckerTest" time="0.001"/>
  <testcase name="check_detects_self_harm(String)[5]" classname="com.kingman.companion.component.safety.SafetyCheckerTest" time="0"/>
  <testcase name="check_detects_self_harm(String)[6]" classname="com.kingman.companion.component.safety.SafetyCheckerTest" time="0.001"/>
  <testcase name="check_returns_safe_for_normal_emotional_content" classname="com.kingman.companion.component.safety.SafetyCheckerTest" time="0"/>
  <testcase name="check_detects_self_harm_embedded_in_sentence" classname="com.kingman.companion.component.safety.SafetyCheckerTest" time="0"/>
  <testcase name="throwIfBlocked_throws_SafetyBlockedException_when_not_safe" classname="com.kingman.companion.component.safety.SafetyCheckerTest" time="0"/>
  <testcase name="check_returns_concerning_for_emotional_crisis(String)[1]" classname="com.kingman.companion.component.safety.SafetyCheckerTest" time="0.001"/>
  <testcase name="check_returns_concerning_for_emotional_crisis(String)[2]" classname="com.kingman.companion.component.safety.SafetyCheckerTest" time="0"/>
  <testcase name="check_returns_concerning_for_emotional_crisis(String)[3]" classname="com.kingman.companion.component.safety.SafetyCheckerTest" time="0"/>
  <testcase name="check_returns_concerning_for_emotional_crisis(String)[4]" classname="com.kingman.companion.component.safety.SafetyCheckerTest" time="0"/>
  <testcase name="check_returns_concerning_for_emotional_crisis(String)[5]" classname="com.kingman.companion.component.safety.SafetyCheckerTest" time="0"/>
  <testcase name="throwIfBlocked_does_nothing_when_safe" classname="com.kingman.companion.component.safety.SafetyCheckerTest" time="0"/>
  <testcase name="check_prioritizes_blocked_over_concerning" classname="com.kingman.companion.component.safety.SafetyCheckerTest" time="0"/>
  <testcase name="check_returns_concerning_for_passive_ideation(String)[1]" classname="com.kingman.companion.component.safety.SafetyCheckerTest" time="0.001"/>
  <testcase name="check_returns_concerning_for_passive_ideation(String)[2]" classname="com.kingman.companion.component.safety.SafetyCheckerTest" time="0"/>
  <testcase name="check_returns_concerning_for_passive_ideation(String)[3]" classname="com.kingman.companion.component.safety.SafetyCheckerTest" time="0"/>
  <testcase name="check_returns_concerning_for_passive_ideation(String)[4]" classname="com.kingman.companion.component.safety.SafetyCheckerTest" time="0"/>
  <testcase name="check_returns_concerning_for_passive_ideation(String)[5]" classname="com.kingman.companion.component.safety.SafetyCheckerTest" time="0"/>
  <testcase name="check_returns_concerning_for_passive_ideation(String)[6]" classname="com.kingman.companion.component.safety.SafetyCheckerTest" time="0"/>
</testsuite>